builder: modrinth api request for projectid cUtsYbG5 and version forge: 1.7.10
builder: tmp/mcinstanceloader-2.6.jar exists not redownloading
builder: modrinth api request for projectid ghjoiQAl and version forge: 1.7.10
builder: tmp/+unimixins-all-1.7.10-0.1.11.jar exists not redownloading
builder: curseforge api request for projectid 77191 and version forge: 1.7.10
builder: curseforge fileid determined for project 77191 as 2221721
builder: curseforge api request for projectid 246288 and version forge: 1.7.10
builder: curseforge fileid determined for project 246288 as 2308279
builder: modrinth api request for projectid c3I7Akgu and version forge: 1.7.10
builder: modrinth versionid determined for project c3I7Akgu as 953OPgsW
builder: github api request for repoid GTNewHorizons/AE2FluidCraft-Rework
builder: github api request for repoid GTNewHorizons/Applied-Energistics-2-Unofficial
builder: curseforge api request for projectid 677782 and version forge: 1.7.10
builder: curseforge fileid determined for project 677782 as 4405338
builder: modrinth api request for projectid 4NBV2LS4 and version forge: 1.7.10
builder: modrinth versionid determined for project 4NBV2LS4 as lCXOIStS
builder: curseforge api request for projectid 244171 and version forge: 1.7.10
builder: curseforge fileid determined for project 244171 as 2294974
builder: modrinth api request for projectid 9VVoLur5 and version forge: 1.7.10
builder: modrinth versionid determined for project 9VVoLur5 as IWieTo3r
builder: curseforge api request for projectid 233785 and version forge: 1.7.10
builder: curseforge fileid determined for project 233785 as 2519595
builder: curseforge api request for projectid 248873 and version forge: 1.7.10
builder: curseforge fileid determined for project 248873 as 2502196
builder: modrinth api request for projectid pAqS7wsC and version forge: 1.7.10
builder: modrinth versionid determined for project pAqS7wsC as uVJG9ptZ
builder: curseforge api request for projectid 229876 and version forge: 1.7.10
builder: curseforge fileid determined for project 229876 as 2244002
builder: github api request for repoid GTNewHorizons/BloodMagic
builder: github api request for repoid GTNewHorizons/Botania
builder: github api request for repoid GTNewHorizons/BrandonsCore
builder: modrinth api request for projectid 6su8A6OH and version forge: 1.7.10
builder: modrinth versionid determined for project 6su8A6OH as vlsZFBQM
builder: modrinth api request for projectid 2YsMgHdw and version forge: 1.7.10
builder: modrinth versionid determined for project 2YsMgHdw as uhNp32pz
builder: modrinth api request for projectid dIwAzrx4 and version forge: 1.7.10
builder: modrinth versionid determined for project dIwAzrx4 as Bpb9Z8Ie
builder: modrinth api request for projectid UU9bGx2s and version forge: 1.7.10
builder: modrinth versionid determined for project UU9bGx2s as 30aCMwhG
builder: modrinth api request for projectid 6ZxBsmnh and version forge: 1.7.10
builder: modrinth versionid determined for project 6ZxBsmnh as NHTgEgRf
builder: modrinth api request for projectid qhId80ii and version forge: 1.7.10
builder: modrinth versionid determined for project qhId80ii as x94JBh9N
builder: modrinth api request for projectid ZV2Zwqln and version forge: 1.7.10
builder: modrinth versionid determined for project ZV2Zwqln as gqMbRMG3
builder: modrinth api request for projectid YZGJU27K and version forge: 1.7.10
builder: modrinth versionid determined for project YZGJU27K as XKDKPrha
builder: modrinth api request for projectid yp1R2apI and version forge: 1.7.10
builder: modrinth versionid determined for project yp1R2apI as A7Ic8NJr
builder: curseforge api request for projectid 235279 and version forge: 1.7.10
builder: curseforge fileid determined for project 235279 as 2287442
builder: curseforge api request for projectid 237027 and version forge: 1.7.10
builder: curseforge fileid determined for project 237027 as 2263206
builder: modrinth api request for projectid qMOdaUOs and version forge: 1.7.10
builder: modrinth versionid determined for project qMOdaUOs as uK1V66Fl
builder: modrinth api request for projectid oANLGIut and version forge: 1.7.10
builder: modrinth versionid determined for project oANLGIut as 7rlH2gFw
builder: modrinth destination hard overwrote for project oANLGIut to mods/1.7.10/
builder: curseforge api request for projectid 69162 and version forge: 1.7.10
builder: curseforge fileid determined for project 69162 as 2388750
builder: curseforge api request for projectid 220333 and version forge: 1.7.10
builder: curseforge fileid determined for project 220333 as 2388747
builder: github api request for repoid makamys/CoreTweaks
builder: github api request for repoid makamys/DMod
builder: github api request for repoid GTNewHorizons/Draconic-Evolution
builder: github api request for repoid makamys/DTools
builder: modrinth api request for projectid u2Kd1AkA and version forge: 1.7.10
builder: modrinth versionid determined for project u2Kd1AkA as Oo9Pdayh
builder: github api request for repoid GTNewHorizons/EnderCore
builder: github api request for repoid GTNewHorizons/EnderIO
builder: github api request for repoid GTNewHorizons/EnderZoo
builder: github api request for repoid GTNewHorizons/EnderStorage
builder: curseforge api request for projectid 223428 and version forge: 1.7.10
builder: curseforge fileid determined for project 223428 as 2260928
builder: modrinth api request for projectid o56psTwz and version forge: 1.7.10
builder: modrinth versionid determined for project o56psTwz as EvztcgMm
builder: modrinth api request for projectid eGLBEILf and version forge: 1.7.10
builder: modrinth versionid determined for project eGLBEILf as a2KKspHo
builder: modrinth api request for projectid v1s0VXQR and version forge: 1.7.10
builder: modrinth versionid determined for project v1s0VXQR as fQNjMIes
builder: modrinth api request for projectid jupr7Bf5 and version forge: 1.7.10
builder: modrinth versionid determined for project jupr7Bf5 as H4Y7YwTd
builder: url destination hard overwrote for project http://jenkins.usrv.eu:8081/nexus/content/groups/public/com/github/GTNewHorizons/ForgeMultipart/1.3.4/ForgeMultipart-1.3.4.jar to mods/1.7.10/
builder: modrinth api request for projectid vTvnv7qp and version forge: 1.7.10
builder: modrinth versionid determined for project vTvnv7qp as Xn4O8qI1
builder: modrinth api request for projectid 6QQe8Ldy and version forge: 1.7.10
builder: modrinth versionid determined for project 6QQe8Ldy as d0SsUeoz
builder: github api request for repoid GTNewHorizons/IguanaTweaksTConstruct
builder: github api request for repoid GTNewHorizons/LogisticsPipes
builder: curseforge api request for projectid 224808 and version forge: 1.7.10
builder: curseforge fileid determined for project 224808 as 2276268
builder: github api request for repoid GTNewHorizons/Mantle
builder: modrinth api request for projectid 1Zu0uTEE and version forge: 1.7.10
builder: modrinth versionid determined for project 1Zu0uTEE as EIS07pmm
builder: modrinth api request for projectid toGHjw6t and version forge: 1.7.10
builder: modrinth versionid determined for project toGHjw6t as P8to0a7y
builder: github api request for repoid makamys/Neodymium
builder: modrinth api request for projectid flsPN5I7 and version forge: 1.7.10
builder: modrinth versionid determined for project flsPN5I7 as Wukw2SWV
builder: modrinth api request for projectid iNPc3Onu and version forge: 1.7.10
builder: modrinth versionid determined for project iNPc3Onu as Vj9rAv0Z
builder: github api request for repoid jss2a98aj/NotFine
builder: curseforge api request for projectid 229339 and version forge: 1.7.10
builder: curseforge fileid determined for project 229339 as 2263890
builder: curseforge api request for projectid 70631 and version forge: 1.7.10
builder: curseforge fileid determined for project 70631 as 2277490
builder: modrinth api request for projectid saBU82Nh and version forge: 1.7.10
builder: modrinth versionid determined for project saBU82Nh as ap92MLy1
builder: modrinth api request for projectid FwyGRcXc and version forge: 1.7.10
builder: modrinth versionid determined for project FwyGRcXc as yh0gvwT5
builder: curseforge api request for projectid 79325 and version forge: 1.7.10
builder: curseforge fileid determined for project 79325 as 2267185
builder: modrinth api request for projectid AbPBTO0Y and version forge: 1.7.10
builder: modrinth versionid determined for project AbPBTO0Y as 1HdWuUjI
builder: github api request for repoid GTNewHorizons/SC2
builder: github api request for repoid GTNewHorizons/Steve-s-Factory-Manager
builder: github api request for repoid GTNewHorizons/TinkersConstruct
builder: curseforge api request for projectid 227443 and version forge: 1.7.10
builder: curseforge fileid determined for project 227443 as 2388756
builder: curseforge api request for projectid 69163 and version forge: 1.7.10
builder: curseforge fileid determined for project 69163 as 2388758
builder: curseforge api request for projectid 222880 and version forge: 1.7.10
builder: curseforge fileid determined for project 222880 as 2388752
builder: modrinth api request for projectid eh8us8FY and version forge: 1.7.10
builder: modrinth versionid determined for project eh8us8FY as k2ramWD3
builder: curseforge api request for projectid 252200 and version forge: 1.7.10
builder: curseforge fileid determined for project 252200 as 2350157
builder: modrinth api request for projectid ea7aacaC and version forge: 1.7.10
builder: modrinth versionid determined for project ea7aacaC as LLHAJC3x
builder: curseforge api request for projectid 253043 and version forge: 1.7.10
builder: curseforge fileid determined for project 253043 as 2430662
builder: github api request for repoid GTNewHorizons/waila
builder: curseforge api request for projectid 77191 and version forge: 1.7.10
builder: curseforge api request for projectid 246288 and version forge: 1.7.10
builder: modrinth api request for projectid c3I7Akgu and version forge: 1.7.10
builder: curseforge api request for projectid 677782 and version forge: 1.7.10
builder: modrinth api request for projectid 4NBV2LS4 and version forge: 1.7.10
builder: curseforge api request for projectid 244171 and version forge: 1.7.10
builder: modrinth api request for projectid 9VVoLur5 and version forge: 1.7.10
builder: curseforge api request for projectid 233785 and version forge: 1.7.10
builder: curseforge api request for projectid 248873 and version forge: 1.7.10
builder: modrinth api request for projectid pAqS7wsC and version forge: 1.7.10
builder: curseforge api request for projectid 229876 and version forge: 1.7.10
builder: modrinth api request for projectid 6su8A6OH and version forge: 1.7.10
builder: modrinth api request for projectid 2YsMgHdw and version forge: 1.7.10
builder: modrinth api request for projectid dIwAzrx4 and version forge: 1.7.10
builder: modrinth api request for projectid UU9bGx2s and version forge: 1.7.10
builder: modrinth api request for projectid 6ZxBsmnh and version forge: 1.7.10
builder: modrinth api request for projectid qhId80ii and version forge: 1.7.10
builder: modrinth api request for projectid ZV2Zwqln and version forge: 1.7.10
builder: modrinth api request for projectid YZGJU27K and version forge: 1.7.10
builder: modrinth api request for projectid yp1R2apI and version forge: 1.7.10
builder: curseforge api request for projectid 235279 and version forge: 1.7.10
builder: curseforge api request for projectid 237027 and version forge: 1.7.10
builder: modrinth api request for projectid qMOdaUOs and version forge: 1.7.10
builder: modrinth api request for projectid oANLGIut and version forge: 1.7.10
builder: url destination hard overwrote for project https://cdn.modrinth.com/data/oANLGIut/versions/7rlH2gFw/CodeChickenLib-1.1.8.jar to mods/1.7.10/
builder: curseforge api request for projectid 69162 and version forge: 1.7.10
builder: curseforge api request for projectid 220333 and version forge: 1.7.10
builder: modrinth api request for projectid u2Kd1AkA and version forge: 1.7.10
builder: curseforge api request for projectid 223428 and version forge: 1.7.10
builder: modrinth api request for projectid o56psTwz and version forge: 1.7.10
builder: modrinth api request for projectid eGLBEILf and version forge: 1.7.10
builder: modrinth api request for projectid v1s0VXQR and version forge: 1.7.10
builder: modrinth api request for projectid jupr7Bf5 and version forge: 1.7.10
builder: url destination hard overwrote for project http://jenkins.usrv.eu:8081/nexus/content/groups/public/com/github/GTNewHorizons/ForgeMultipart/1.3.4/ForgeMultipart-1.3.4.jar to mods/1.7.10/
builder: modrinth api request for projectid vTvnv7qp and version forge: 1.7.10
builder: modrinth api request for projectid 6QQe8Ldy and version forge: 1.7.10
builder: curseforge api request for projectid 224808 and version forge: 1.7.10
builder: modrinth api request for projectid 1Zu0uTEE and version forge: 1.7.10
builder: modrinth api request for projectid toGHjw6t and version forge: 1.7.10
builder: modrinth api request for projectid flsPN5I7 and version forge: 1.7.10
builder: modrinth api request for projectid iNPc3Onu and version forge: 1.7.10
builder: curseforge api request for projectid 229339 and version forge: 1.7.10
builder: curseforge api request for projectid 70631 and version forge: 1.7.10
builder: modrinth api request for projectid saBU82Nh and version forge: 1.7.10
builder: modrinth api request for projectid FwyGRcXc and version forge: 1.7.10
builder: curseforge api request for projectid 79325 and version forge: 1.7.10
builder: modrinth api request for projectid AbPBTO0Y and version forge: 1.7.10
builder: curseforge api request for projectid 227443 and version forge: 1.7.10
builder: curseforge api request for projectid 69163 and version forge: 1.7.10
builder: curseforge api request for projectid 222880 and version forge: 1.7.10
builder: modrinth api request for projectid eh8us8FY and version forge: 1.7.10
builder: curseforge api request for projectid 252200 and version forge: 1.7.10
builder: modrinth api request for projectid ea7aacaC and version forge: 1.7.10
builder: curseforge api request for projectid 253043 and version forge: 1.7.10
builder: tmp/forge-1.7.10-10.13.4.1614-1.7.10-universal.jar exists not redownloading
builder: github api request for repoid GTNewHorizons/lwjgl3ify
builder: tmp/lwjgl3ify-1.4.0.jar exists not redownloading
builder: tmp/lwjgl3ify-1.4.0-multimc.zip exists not redownloading
